Fri Jul 27 21:41:49 CST 2018  [debug] AvalonLogSystem initialized using logfile 'F:\WorkspacesMoney\.metadata\.plugins\com.genuitec.eclipse.templates\velocity.log'
Fri Jul 27 21:41:49 CST 2018   [info] ************************************************************** 
Fri Jul 27 21:41:49 CST 2018   [info] Starting Jakarta Velocity v1.4
Fri Jul 27 21:41:49 CST 2018   [info] RuntimeInstance initializing.
Fri Jul 27 21:41:49 CST 2018   [info] Default Properties File: org\apache\velocity\runtime\defaults\velocity.properties
Fri Jul 27 21:41:49 CST 2018   [info] Trying to use logger class org.apache.velocity.runtime.log.AvalonLogSystem
Fri Jul 27 21:41:49 CST 2018   [info] Using logger class org.apache.velocity.runtime.log.AvalonLogSystem
Fri Jul 27 21:41:49 CST 2018   [info] Default ResourceManager initializing. (class org.apache.velocity.runtime.resource.ResourceManagerImpl)
Fri Jul 27 21:41:49 CST 2018   [info] Resource Loader Instantiated: com.genuitec.eclipse.templates.internal.PluginResourceLoader
Fri Jul 27 21:41:49 CST 2018   [info] ResourceCache : initialized. (class org.apache.velocity.runtime.resource.ResourceCacheImpl)
Fri Jul 27 21:41:49 CST 2018   [info] Default ResourceManager initialization complete.
Fri Jul 27 21:41:49 CST 2018   [info] Loaded System Directive: org.apache.velocity.runtime.directive.Literal
Fri Jul 27 21:41:49 CST 2018   [info] Loaded System Directive: org.apache.velocity.runtime.directive.Macro
Fri Jul 27 21:41:49 CST 2018   [info] Loaded System Directive: org.apache.velocity.runtime.directive.Parse
Fri Jul 27 21:41:49 CST 2018   [info] Loaded System Directive: org.apache.velocity.runtime.directive.Include
Fri Jul 27 21:41:49 CST 2018   [info] Loaded System Directive: org.apache.velocity.runtime.directive.Foreach
Fri Jul 27 21:41:49 CST 2018   [info] Created: 20 parsers.
Fri Jul 27 21:41:49 CST 2018   [info] Velocimacro : initialization starting.
Fri Jul 27 21:41:49 CST 2018   [info] Velocimacro : adding VMs from VM library template : VM_global_library.vm
Fri Jul 27 21:41:49 CST 2018   [info] ResourceManager : found VM_global_library.vm with loader com.genuitec.eclipse.templates.internal.PluginResourceLoader
Fri Jul 27 21:41:49 CST 2018   [info] Velocimacro :  VM library template macro registration complete.
Fri Jul 27 21:41:49 CST 2018   [info] Velocimacro : allowInline = true : VMs can be defined inline in templates
Fri Jul 27 21:41:49 CST 2018   [info] Velocimacro : allowInlineToOverride = true : VMs defined inline may replace previous VM definitions
Fri Jul 27 21:41:49 CST 2018   [info] Velocimacro : allowInlineLocal = true : VMs defined inline will be local to their defining template only.
Fri Jul 27 21:41:49 CST 2018   [info] Velocimacro : messages on  : VM system will output logging messages
Fri Jul 27 21:41:49 CST 2018   [info] Velocimacro : autoload off  : VM system will not automatically reload global library macros
Fri Jul 27 21:41:49 CST 2018   [info] Velocimacro : initialization complete.
Fri Jul 27 21:41:49 CST 2018   [info] Velocity successfully started.
Fri Jul 27 21:41:49 CST 2018   [info] ResourceManager : found /templates/velocity/welcome/Jsp.vtl with loader com.genuitec.eclipse.templates.internal.PluginResourceLoader
